2018-01-12 14:08:11 PM : egon Login successfully !
2018-01-12 14:08:17 PM : Purchase success! [('apple', 1)],Your balance is 12859
2018-01-12 14:23:58 PM : egon Login successfully !
2018-01-12 14:25:16 PM : egon Login successfully !
2018-01-12 14:26:16 PM : egon Login successfully !
2018-01-12 14:42:45 PM : egon Login successfully !
2018-01-12 14:45:04 PM : egon Login successfully !
2018-01-12 14:46:48 PM : yy Login successfully !
2018-01-12 14:50:58 PM : yy Login successfully !
2018-01-12 14:51:03 PM : Successful withdrawal ! Your service charge is 50.0
2018-01-12 14:52:10 PM : yy Login successfully !
2018-01-12 14:52:30 PM : yy Login successfully !
2018-01-12 14:53:24 PM : yy Login successfully !
2018-01-12 14:54:09 PM : yy Login successfully !
2018-01-12 16:52:16 PM : yy Login successfully !
2018-01-12 16:54:38 PM : yy Login successfully !
2018-01-12 16:55:17 PM : yy Login successfully !
2018-01-12 16:56:10 PM : yy Login successfully !
2018-01-12 16:57:14 PM : yy Login successfully !
2018-01-12 16:58:16 PM : yy Login successfully !
2018-01-12 16:58:43 PM : yy Login successfully !
2018-01-12 17:00:18 PM : yy Login successfully !
2018-01-12 17:00:37 PM : Successful transfer !yy 转给了 egon 一共20元 
